[2026-04-24T00:09:06.141Z] GET /empresas
[2026-04-24T00:13:55.452Z] GET /
[2026-04-24T00:13:55.807Z] GET /favicon.ico
[2026-04-24T00:14:04.945Z] GET /empresas
[2026-04-24T00:14:07.144Z] GET /empresas/nuevo
[2026-04-24T00:14:29.310Z] POST /api/empresas
[2026-04-24T00:14:38.688Z] GET /
[2026-04-24T00:14:47.241Z] GET /empleados
[2026-04-24T00:14:49.360Z] GET /empleados/nuevo
[2026-04-24T00:14:55.727Z] POST /api/empleados
[2026-04-24T00:15:01.398Z] GET /
[2026-04-24T00:15:06.090Z] GET /novedades
[2026-04-24T00:15:17.121Z] GET /novedades?estado=pendiente
[2026-04-24T00:15:18.638Z] GET /novedades
[2026-04-24T00:15:21.132Z] GET /novedades/nuevo
[2026-04-24T00:15:44.347Z] POST /api/novedades
[2026-04-24T00:15:49.668Z] GET /
[2026-04-24T00:15:55.851Z] GET /
[2026-04-24T00:16:01.862Z] GET /novedades
[2026-04-24T00:16:12.719Z] GET /
[2026-04-24T00:16:15.955Z] GET /
[2026-04-24T00:16:17.573Z] GET /empleados
[2026-04-24T00:16:19.967Z] GET /novedades
[2026-04-24T00:16:33.369Z] GET /
[2026-04-24T00:18:42.104Z] GET /novedades
[2026-04-24T00:18:47.397Z] GET /novedades?estado=pendiente
[2026-04-24T00:18:50.913Z] GET /novedades?estado=procesada
[2026-04-24T00:18:54.212Z] GET /novedades?estado=rechazada
[2026-04-24T00:18:56.353Z] GET /novedades
[2026-04-24T00:19:01.227Z] GET /novedades?estado=procesada
[2026-04-24T00:19:03.243Z] GET /novedades?estado=pendiente
[2026-04-24T00:19:07.061Z] GET /novedades
[2026-04-24T00:19:18.831Z] GET /empresas
[2026-04-24T00:19:22.165Z] GET /empleados
[2026-04-24T00:19:27.264Z] GET /novedades
[2026-04-24T00:19:38.097Z] GET /empleados
[2026-04-24T00:19:43.370Z] GET /empleados
[2026-04-24T00:19:47.005Z] GET /novedades
[2026-04-24T00:45:37.032Z] GET /
[2026-04-24T00:45:40.005Z] GET /empleados
[2026-04-24T00:45:41.434Z] GET /novedades
[2026-04-24T00:45:51.817Z] POST /novedades/1776989744348/estado
[2026-04-24T00:45:51.822Z] GET /novedades
[2026-04-24T00:47:06.002Z] POST /novedades/1776989744348/estado
[2026-04-24T00:47:06.009Z] GET /novedades
[2026-04-24T00:47:07.788Z] GET /
[2026-04-24T00:47:08.705Z] GET /novedades
[2026-04-24T00:47:10.058Z] GET /empleados
[2026-04-24T00:47:17.804Z] GET /novedades
[2026-04-24T00:47:30.519Z] GET /empleados
[2026-04-24T00:56:25.625Z] GET /
[2026-04-24T01:04:09.281Z] GET /empresas
[2026-04-24T01:04:14.931Z] GET /empresas
[2026-04-24T01:04:21.939Z] GET /empresas
[2026-04-24T01:04:22.547Z] GET /empleados
[2026-04-24T01:04:25.672Z] POST /empleados/1776989695727/eliminar
[2026-04-24T01:04:37.880Z] GET /empleados
[2026-04-24T01:04:45.127Z] GET /novedades
[2026-04-24T01:04:56.469Z] POST /novedades/1776989744348/eliminar
[2026-04-24T01:04:56.476Z] GET /novedades
[2026-04-24T01:05:01.704Z] GET /empleados
[2026-04-24T01:05:05.679Z] POST /empleados/1776989695727/eliminar
[2026-04-24T01:05:05.682Z] GET /empleados
[2026-04-24T01:05:07.385Z] GET /
[2026-04-24T01:05:11.078Z] GET /empresas
[2026-04-24T01:05:17.206Z] GET /empresas
[2026-04-24T01:09:38.561Z] GET /
[2026-04-24T01:09:44.458Z] GET /empleados
[2026-04-24T01:09:46.650Z] GET /empleados/nuevo
[2026-04-24T01:10:03.693Z] POST /api/empleados
[2026-04-24T01:10:08.504Z] GET /
[2026-04-24T01:10:10.584Z] GET /empresas
[2026-04-24T01:10:11.879Z] GET /empleados
[2026-04-24T01:10:12.463Z] GET /novedades
[2026-04-24T01:10:13.655Z] GET /empleados
[2026-04-24T01:10:16.536Z] GET /empresas
[2026-04-24T01:10:19.615Z] POST /empresas/1776989669311/eliminar
[2026-04-24T01:10:34.730Z] GET /empresas
[2026-04-24T01:10:41.027Z] GET /empleados
[2026-04-24T01:10:43.375Z] POST /empleados/1776993003694/eliminar
[2026-04-24T01:10:43.379Z] GET /empleados
[2026-04-24T01:10:45.026Z] GET /empresas
[2026-04-24T01:10:48.895Z] POST /empresas/1776989669311/eliminar
[2026-04-24T01:10:48.900Z] GET /empresas
[2026-04-24T01:10:50.288Z] GET /
[2026-04-24T02:01:10.444Z] GET /
[2026-04-24T02:03:22.496Z] GET /empresas
[2026-04-24T02:03:25.107Z] GET /empleados
[2026-04-24T02:03:26.170Z] GET /empleados/nuevo
[2026-04-24T02:03:31.773Z] GET /empresas
[2026-04-24T02:03:33.110Z] GET /empresas/nuevo
[2026-04-24T02:03:41.022Z] GET /
[2026-04-24T02:06:21.506Z] GET /empresas
[2026-04-24T02:06:23.014Z] GET /empresas/nuevo
[2026-04-24T02:06:46.092Z] POST /api/empresas
[2026-04-24T02:06:53.051Z] GET /
[2026-04-24T02:06:58.797Z] GET /empleados
[2026-04-24T02:07:00.334Z] GET /empleados/nuevo
[2026-04-24T02:07:08.452Z] POST /api/empleados
[2026-04-24T02:07:13.098Z] GET /empresas
[2026-04-24T02:42:15.682Z] GET /empresas/1776996406094/editar
[2026-04-24T02:42:23.233Z] POST /empresas/1776996406094/editar
[2026-04-24T02:42:23.237Z] GET /empresas
[2026-04-24T02:42:25.533Z] GET /
[2026-04-24T02:42:27.117Z] GET /empresas
[2026-04-24T02:42:29.390Z] GET /empleados
[2026-04-24T02:42:36.401Z] GET /empresas
[2026-04-24T02:42:37.912Z] GET /
[2026-04-24T02:42:43.742Z] GET /empleados
[2026-04-24T02:42:46.542Z] GET /empleados/1776996428453/editar
[2026-04-24T02:42:50.660Z] POST /empleados/1776996428453/editar
[2026-04-24T02:42:50.663Z] GET /empleados
[2026-04-24T02:42:57.614Z] GET /empresas
[2026-04-24T02:42:58.486Z] GET /empleados
[2026-04-24T02:43:01.391Z] GET /novedades
[2026-04-24T02:43:05.949Z] GET /novedades/nuevo
[2026-04-24T02:43:15.970Z] POST /api/novedades
[2026-04-24T02:43:20.317Z] GET /
[2026-04-24T02:43:23.209Z] GET /novedades
[2026-04-24T02:43:27.057Z] GET /socios
[2026-04-24T02:43:29.369Z] GET /socios/nuevo
[2026-04-24T02:44:08.606Z] POST /socios
[2026-04-24T02:44:08.609Z] GET /socios
[2026-04-24T02:44:16.535Z] GET /socios/1776998648606/editar
[2026-04-24T02:44:21.235Z] POST /socios/1776998648606/editar
[2026-04-24T02:44:21.238Z] GET /socios
[2026-04-24T02:44:25.306Z] GET /liquidaciones
[2026-04-24T02:44:27.761Z] GET /liquidaciones/nuevo
[2026-04-24T02:44:55.992Z] POST /liquidaciones
[2026-04-24T02:44:55.995Z] GET /liquidaciones
[2026-04-24T02:45:00.804Z] GET /
[2026-04-24T02:45:25.174Z] GET /socios
[2026-04-24T02:45:31.797Z] POST /socios/1776998648606/eliminar
[2026-04-24T02:45:31.799Z] GET /socios
[2026-04-24T02:45:33.778Z] GET /liquidaciones
[2026-04-24T02:45:36.730Z] POST /liquidaciones/1776998695993/eliminar
[2026-04-24T02:45:36.732Z] GET /liquidaciones
[2026-04-24T02:45:37.984Z] GET /novedades
[2026-04-24T02:45:41.779Z] POST /novedades/1776998595971/estado
[2026-04-24T02:45:41.781Z] GET /novedades
[2026-04-24T02:45:44.326Z] GET /empleados
[2026-04-24T02:45:49.125Z] GET /
[2026-04-24T23:08:01.484Z] GET /
[2026-04-24T23:08:02.054Z] GET /favicon.ico
[2026-04-24T23:08:05.489Z] GET /empresas
[2026-04-24T23:08:08.921Z] GET /empleados
[2026-04-24T23:08:11.185Z] GET /novedades
[2026-04-24T23:08:22.485Z] GET /socios
[2026-04-24T23:08:25.556Z] GET /socios/nuevo
[2026-04-24T23:08:40.870Z] POST /socios
[2026-04-24T23:08:40.874Z] GET /socios
[2026-04-24T23:08:44.758Z] GET /liquidaciones
[2026-04-24T23:08:46.242Z] GET /liquidaciones/nuevo
[2026-04-24T23:09:02.479Z] POST /liquidaciones
[2026-04-24T23:09:02.483Z] GET /liquidaciones
[2026-04-24T23:09:04.476Z] GET /liquidaciones/1777072142479/editar
[2026-04-24T23:09:09.017Z] POST /liquidaciones/1777072142479/editar
[2026-04-24T23:09:09.020Z] GET /liquidaciones
[2026-04-24T23:09:12.369Z] GET /socios
[2026-04-24T23:09:16.663Z] GET /empresas
[2026-04-24T23:09:17.167Z] GET /empleados
[2026-04-24T23:09:19.655Z] GET /socios
[2026-04-24T23:09:20.887Z] GET /novedades
[2026-04-24T23:10:59.766Z] GET /
[2026-04-24T23:11:01.259Z] GET /novedades
[2026-04-24T23:11:16.674Z] GET /novedades/1776998595971/editar
[2026-04-24T23:11:26.195Z] POST /novedades/1776998595971/editar
[2026-04-24T23:11:26.199Z] GET /novedades
[2026-04-24T23:12:19.768Z] GET /novedades/nuevo
[2026-04-24T23:13:19.843Z] GET /.well-known/appspecific/com.chrome.devtools.json
[2026-04-24T23:14:46.468Z] GET /novedades
[2026-04-24T23:14:46.684Z] GET /.well-known/appspecific/com.chrome.devtools.json
[2026-04-24T23:15:32.566Z] GET /novedades
[2026-04-24T23:15:32.618Z] GET /.well-known/appspecific/com.chrome.devtools.json
[2026-04-24T23:15:59.339Z] GET /novedades
[2026-04-24T23:15:59.383Z] GET /.well-known/appspecific/com.chrome.devtools.json
[2026-04-24T23:16:05.138Z] GET /novedades
[2026-04-24T23:16:05.188Z] GET /.well-known/appspecific/com.chrome.devtools.json
[2026-04-24T23:16:06.289Z] GET /novedades
[2026-04-24T23:16:06.324Z] GET /.well-known/appspecific/com.chrome.devtools.json
[2026-04-24T23:16:19.884Z] GET /novedades
[2026-04-24T23:16:19.921Z] GET /.well-known/appspecific/com.chrome.devtools.json
[2026-04-24T23:19:14.959Z] GET /novedades
[2026-04-24T23:19:15.021Z] GET /.well-known/appspecific/com.chrome.devtools.json
[2026-04-24T23:19:23.857Z] GET /
[2026-04-24T23:19:25.991Z] GET /novedades
[2026-04-24T23:19:28.737Z] POST /novedades/1776998595971/estado
[2026-04-24T23:19:28.741Z] GET /novedades
[2026-04-24T23:19:33.870Z] POST /novedades/1776998595971/estado
[2026-04-24T23:19:33.873Z] GET /novedades
[2026-04-24T23:20:12.388Z] GET /socios
[2026-04-24T23:20:13.341Z] GET /liquidaciones
[2026-04-24T23:20:14.835Z] GET /
[2026-04-24T23:51:57.277Z] GET /
[2026-04-24T23:51:59.657Z] GET /
[2026-04-24T23:52:23.524Z] GET /
[2026-04-24T23:52:38.235Z] GET /
[2026-04-24T23:52:44.325Z] GET /
[2026-04-24T23:52:46.916Z] GET /
[2026-04-24T23:53:40.644Z] GET /
[2026-04-24T23:54:10.557Z] GET /
[2026-04-24T23:56:46.944Z] GET /
[2026-04-24T23:56:57.833Z] GET /
[2026-04-24T23:57:09.456Z] GET /
[2026-04-24T23:57:19.177Z] GET /
[2026-04-24T23:57:38.805Z] GET /
[2026-04-24T23:57:55.317Z] GET /
[2026-04-24T23:58:02.609Z] GET /
[2026-04-24T23:58:08.766Z] GET /
[2026-04-24T23:58:15.514Z] GET /empresas
[2026-04-24T23:58:16.889Z] GET /
[2026-04-24T23:58:26.246Z] GET /
[2026-04-24T23:59:06.111Z] GET /
[2026-04-24T23:59:22.478Z] GET /
[2026-04-24T23:59:30.772Z] GET /
[2026-04-24T23:59:56.996Z] GET /
[2026-04-25T00:00:14.579Z] GET /
[2026-04-25T00:00:28.846Z] GET /
[2026-04-25T00:00:45.592Z] GET /
[2026-04-25T00:00:59.766Z] GET /
[2026-04-25T00:01:02.042Z] GET /
[2026-04-25T00:01:08.889Z] GET /
[2026-04-25T00:03:27.999Z] GET /
[2026-04-25T00:03:55.592Z] GET /
[2026-04-25T00:05:26.863Z] GET /
[2026-04-25T00:05:39.604Z] GET /
[2026-04-25T00:05:40.913Z] GET /
[2026-04-25T00:05:47.286Z] GET /
[2026-04-25T00:05:48.286Z] GET /
[2026-04-25T00:06:04.765Z] GET /
[2026-04-25T00:06:15.125Z] GET /
[2026-04-25T00:07:22.622Z] GET /
[2026-04-25T00:07:42.108Z] GET /
[2026-04-25T00:07:43.074Z] GET /
[2026-04-25T00:07:48.239Z] GET /
[2026-04-25T00:07:51.080Z] GET /
[2026-04-25T00:08:10.640Z] GET /.well-known/appspecific/com.chrome.devtools.json
[2026-04-25T00:08:50.937Z] GET /
[2026-04-25T00:08:50.968Z] GET /.well-known/appspecific/com.chrome.devtools.json
[2026-04-25T00:09:02.780Z] GET /
[2026-04-25T00:09:02.801Z] GET /.well-known/appspecific/com.chrome.devtools.json
[2026-04-25T00:09:56.299Z] GET /
[2026-04-25T00:09:56.332Z] GET /.well-known/appspecific/com.chrome.devtools.json
[2026-04-25T00:10:13.877Z] GET /
[2026-04-25T00:10:33.519Z] GET /
[2026-04-25T00:11:01.250Z] GET /
[2026-04-25T00:11:02.714Z] GET /
[2026-04-25T00:11:19.557Z] GET /
[2026-04-25T00:11:21.002Z] GET /
[2026-04-25T00:11:51.436Z] GET /
[2026-04-25T00:11:53.102Z] GET /
[2026-04-25T00:12:07.212Z] GET /
[2026-04-25T00:12:08.580Z] GET /
[2026-04-25T00:12:16.100Z] GET /
[2026-04-25T00:12:17.811Z] GET /
[2026-04-25T00:12:18.783Z] GET /
[2026-04-25T00:12:23.675Z] GET /
[2026-04-25T00:12:24.610Z] GET /
[2026-04-25T00:12:25.428Z] GET /
[2026-04-25T00:12:26.010Z] GET /
[2026-04-25T00:12:26.499Z] GET /
[2026-04-25T00:12:35.285Z] GET /
[2026-04-25T00:13:03.451Z] GET /
[2026-04-25T00:13:35.003Z] GET /
[2026-04-25T00:13:35.635Z] GET /empresas
[2026-04-25T00:13:37.107Z] GET /empleados
[2026-04-25T00:13:37.898Z] GET /novedades
[2026-04-25T00:13:38.938Z] GET /socios
[2026-04-25T00:13:39.730Z] GET /liquidaciones
[2026-04-25T00:13:40.761Z] GET /
[2026-04-25T00:13:44.392Z] GET /empresas
[2026-04-25T00:13:45.278Z] GET /
[2026-04-25T00:14:43.913Z] GET /
[2026-04-25T00:14:44.992Z] GET /
[2026-04-25T00:14:45.960Z] GET /
[2026-04-25T00:16:44.200Z] GET /
[2026-04-25T00:18:06.855Z] GET /
[2026-04-25T00:19:28.957Z] GET /
[2026-04-25T00:19:30.013Z] GET /
[2026-04-25T00:19:35.246Z] GET /
[2026-04-25T00:19:36.045Z] GET /
[2026-04-25T00:19:46.793Z] GET /
[2026-04-25T00:19:47.674Z] GET /
[2026-04-25T00:19:56.175Z] GET /
[2026-04-25T00:19:56.938Z] GET /
[2026-04-25T00:20:02.485Z] GET /
[2026-04-25T00:20:12.935Z] GET /
[2026-04-25T00:20:13.783Z] GET /
[2026-04-25T00:20:19.468Z] GET /
[2026-04-25T00:21:17.187Z] GET /
[2026-04-25T00:21:19.521Z] GET /
[2026-04-25T00:21:25.889Z] GET /
[2026-04-25T00:21:39.718Z] GET /
[2026-04-25T00:21:51.835Z] GET /
[2026-04-25T00:22:21.812Z] GET /
[2026-04-25T00:22:45.293Z] GET /
[2026-04-25T00:22:46.094Z] GET /
[2026-04-25T00:22:55.459Z] GET /
[2026-04-25T00:22:56.587Z] GET /
[2026-04-25T00:27:14.323Z] GET /
[2026-04-25T00:27:31.886Z] GET /
[2026-04-25T00:27:41.784Z] GET /
[2026-04-25T00:27:42.801Z] GET /
[2026-04-25T00:27:51.857Z] GET /
[2026-04-25T00:28:10.462Z] GET /
[2026-04-25T00:28:56.942Z] GET /
[2026-04-25T00:29:11.909Z] GET /
[2026-04-25T00:29:28.464Z] GET /
[2026-04-25T00:29:39.515Z] GET /
[2026-04-25T00:30:22.105Z] GET /
[2026-04-25T00:30:51.966Z] GET /
[2026-04-25T00:31:09.385Z] GET /
[2026-04-25T00:31:24.576Z] GET /
[2026-04-25T00:39:59.948Z] GET /
[2026-04-25T00:41:02.625Z] GET /
[2026-04-25T00:41:28.860Z] GET /
[2026-04-25T00:41:54.041Z] GET /
[2026-04-25T00:42:41.303Z] GET /
[2026-04-25T00:42:52.557Z] GET /
[2026-04-25T00:43:21.320Z] GET /
[2026-04-25T00:43:36.773Z] GET /
[2026-04-25T00:43:45.330Z] GET /
[2026-04-25T00:43:46.594Z] GET /
[2026-04-25T00:43:52.077Z] GET /
[2026-04-25T00:44:02.558Z] GET /
[2026-04-25T00:44:34.057Z] GET /
[2026-04-25T00:44:34.745Z] GET /
[2026-04-25T00:45:27.872Z] GET /
[2026-04-25T01:48:38.530Z] GET /
[2026-04-25T01:50:07.948Z] GET /
[2026-04-25T01:52:22.737Z] GET /
[2026-04-25T01:52:57.526Z] GET /
[2026-04-25T01:53:14.162Z] GET /
[2026-04-25T01:53:24.052Z] GET /
[2026-04-25T01:53:43.351Z] GET /
[2026-04-25T01:54:11.711Z] GET /
[2026-04-25T01:55:29.547Z] GET /empresas
[2026-04-25T01:55:30.506Z] GET /
[2026-04-25T01:55:55.675Z] GET /
[2026-04-25T01:55:57.237Z] GET /empresas
[2026-04-25T01:55:58.452Z] GET /empleados
[2026-04-25T01:55:59.571Z] GET /novedades
[2026-04-25T01:56:00.394Z] GET /socios
[2026-04-25T01:56:01.090Z] GET /liquidaciones
[2026-04-25T01:56:02.753Z] GET /
[2026-04-25T01:56:21.653Z] GET /
[2026-04-25T01:56:22.980Z] GET /empresas
[2026-04-25T01:56:23.899Z] GET /empleados
[2026-04-25T01:56:25.234Z] GET /
[2026-04-25T01:56:28.534Z] GET /
[2026-04-25T01:58:18.825Z] GET /
[2026-04-25T01:58:19.148Z] GET /favicon.ico
[2026-04-25T01:59:23.652Z] GET /
[2026-04-25T01:59:57.176Z] GET /empresas
[2026-04-25T02:00:15.727Z] GET /empleados
[2026-04-25T02:00:30.874Z] GET /
[2026-04-25T02:00:31.801Z] GET /empresas
[2026-04-25T02:00:33.057Z] GET /empleados
[2026-04-25T02:00:33.600Z] GET /
[2026-04-25T02:00:35.408Z] GET /empresas
[2026-04-25T02:00:37.520Z] GET /empleados
[2026-04-25T02:00:38.000Z] GET /novedades
[2026-04-25T02:00:42.303Z] GET /socios
[2026-04-25T02:00:43.143Z] GET /liquidaciones
[2026-04-25T02:00:44.437Z] GET /empresas
[2026-04-25T02:00:46.647Z] GET /
[2026-04-25T02:01:17.044Z] GET /
[2026-04-25T02:01:48.287Z] GET /empresas
[2026-04-25T02:01:56.735Z] GET /empresas
[2026-04-25T02:01:57.807Z] GET /empresas
[2026-04-25T02:01:58.719Z] GET /
[2026-04-25T02:01:59.638Z] GET /empresas
[2026-04-25T02:02:00.598Z] GET /empresas
[2026-04-25T02:02:11.153Z] GET /empleados
[2026-04-25T02:02:16.301Z] GET /empresas
[2026-04-25T02:02:29.150Z] GET /empresas
[2026-04-25T02:02:38.473Z] GET /empleados
[2026-04-25T02:02:39.857Z] GET /novedades
[2026-04-25T02:02:54.987Z] GET /novedades
[2026-04-25T02:02:58.447Z] GET /socios
[2026-04-25T02:04:04.314Z] GET /socios
[2026-04-25T02:04:07.739Z] GET /liquidaciones
[2026-04-25T02:04:17.031Z] GET /liquidaciones
[2026-04-25T02:04:23.089Z] GET /
[2026-04-25T02:04:24.089Z] GET /empresas
[2026-04-25T02:04:30.143Z] GET /
[2026-04-25T02:04:34.019Z] GET /empresas
[2026-04-25T02:04:37.602Z] POST /empresas/1776996406094/eliminar
[2026-04-25T02:04:46.655Z] GET /empresas
[2026-04-25T02:04:53.984Z] GET /empleados
[2026-04-25T02:04:55.247Z] GET /novedades
[2026-04-25T02:04:57.862Z] GET /socios
[2026-04-25T02:04:58.750Z] GET /liquidaciones
[2026-04-25T02:04:59.765Z] GET /
[2026-04-25T02:05:10.498Z] GET /liquidaciones
[2026-04-25T02:05:17.422Z] GET /
[2026-04-25T02:11:07.515Z] GET /
[2026-04-25T02:18:30.371Z] POST /empresas
[2026-04-25T02:20:37.731Z] POST /api/empresas
[2026-04-25T02:24:35.885Z] POST /api/empresas
[2026-04-25T02:28:57.693Z] GET /api/empresas
[2026-04-25T02:29:14.198Z] POST /api/empresas
[2026-04-25T02:29:50.308Z] GET /api/empresas
[2026-04-25T02:31:51.510Z] GET /api/empleados
[2026-04-25T02:32:30.706Z] POST /api/empleados
[2026-04-25T02:32:48.348Z] GET /api/empresas
[2026-04-25T02:33:17.456Z] POST /api/empleados
[2026-04-25T02:33:30.898Z] GET /api/empresas
[2026-04-25T02:36:28.453Z] POST /api/empleados
[2026-04-25T02:37:43.699Z] GET /api/empleados
[2026-04-25T02:38:32.144Z] GET /api/empresas
[2026-04-25T02:39:19.887Z] GET /api/empleados
[2026-04-25T02:40:14.416Z] DELETE /api/empleados/1777084588454
[2026-04-25T02:40:45.705Z] GET /api/empleados/
[2026-04-25T02:43:05.550Z] PUT /api/empleados/1777084397457
[2026-04-25T02:45:25.987Z] POST /api/novedades
[2026-04-25T02:48:12.022Z] POST /api/socios
[2026-04-25T02:53:46.805Z] POST /api/socios
[2026-04-25T02:55:08.002Z] GET /api/empleados/
[2026-04-25T02:56:26.711Z] POST /api/liquidaciones
[2026-04-25T02:57:32.444Z] POST /api/liquidaciones
[2026-04-25T02:58:59.895Z] POST /api/socios
[2026-04-25T02:59:13.223Z] POST /api/socios
[2026-04-25T02:59:38.463Z] POST /api/socios
[2026-04-25T23:43:02.735Z] GET /
[2026-04-25T23:43:03.486Z] GET /favicon.ico
[2026-04-25T23:47:35.862Z] GET /api/empleados/
[2026-04-25T23:48:13.858Z] DELETE /api/empleados/1777084397457
[2026-04-25T23:51:28.706Z] GET /api/novedades
[2026-04-25T23:52:47.576Z] DELETE /api/novedades/1777085125988
[2026-04-25T23:54:12.289Z] GET /api/novedades/
[2026-04-25T23:54:42.516Z] DELETE /api/novedades/1777085125988
[2026-04-25T23:58:14.947Z] DELETE /api/novedades/1777085125988
[2026-04-26T00:02:56.782Z] GET /api/empleados/
[2026-04-26T00:03:06.890Z] GET /api/empleados/1777084397457
[2026-04-26T00:04:22.523Z] GET /api/empleados/1777084397457
[2026-04-26T00:07:19.052Z] PUT /api/novedades
[2026-04-26T00:07:44.974Z] GET /api/novedades/
[2026-04-26T00:08:52.505Z] GET /api/novedades/
[2026-04-26T00:09:02.519Z] PUT /api/novedades/
[2026-04-26T00:09:12.485Z] GET /api/novedades/
[2026-04-26T00:09:19.922Z] GET /api/novedades/1776998595971
[2026-04-26T00:10:03.838Z] GET /api/novedades/
[2026-04-26T00:10:18.351Z] PUT /api/novedades/1776998595971
[2026-04-26T00:12:28.442Z] PUT /api/novedades/1776998595971
[2026-04-26T00:13:11.835Z] GET /api/empleados/
[2026-04-26T00:16:32.073Z] POST /api/novedades/
[2026-04-26T00:16:46.585Z] GET /api/novedades/
[2026-04-26T00:18:40.766Z] GET /api/socios
[2026-04-26T00:21:19.738Z] POST /api/socios/1777072120871
[2026-04-26T00:21:31.605Z] PUT /api/socios/1777072120871
[2026-04-26T00:22:22.537Z] PUT /api/socios/1777085939896
[2026-04-26T00:22:31.852Z] GET /api/socios
[2026-04-26T00:24:34.979Z] PUT /api/socios/1777085939896
[2026-04-26T00:25:04.842Z] DELETE /api/socios/1777085939896
[2026-04-26T02:40:03.735Z] GET /api/liquidaciones
[2026-04-26T02:41:19.500Z] PUT /api/liquidaciones/1777072142479
[2026-04-26T02:41:26.872Z] PUT /api/liquidaciones/
[2026-04-26T02:41:31.791Z] GET /api/liquidaciones/
[2026-04-26T02:41:41.138Z] GET /api/empleados/
[2026-04-26T02:42:13.205Z] GET /api/liquidaciones
[2026-04-26T02:42:29.156Z] DELETE /api/liquidaciones/1777072142479
[2026-04-26T02:43:08.505Z] GET /api/empleados/
[2026-04-26T02:43:23.165Z] GET /api/liquidaciones/
[2026-04-26T02:43:57.453Z] POST /api/liquidaciones/
[2026-04-26T02:44:43.413Z] GET /api/liquidaciones/
[2026-04-26T02:47:07.159Z] PUT /api/liquidaciones/1777084397457
[2026-04-26T02:47:57.195Z] GET /api/liquidaciones
[2026-04-26T02:48:30.820Z] PUT /api/liquidaciones/1777171437454
[2026-04-26T02:49:28.168Z] DELETE /api/liquidaciones/1777171437454
[2026-04-26T19:34:41.230Z] GET /api/empresas
[2026-04-26T19:41:58.431Z] POST /api/empresas
[2026-04-26T19:43:53.235Z] PUT /api/empresas/1777232518432
[2026-04-26T19:44:47.826Z] PUT /api/empresas/1777232518432
[2026-04-26T19:47:48.508Z] PUT /api/empresas/1777232518432
[2026-04-26T19:48:18.638Z] PUT /api/empresas/1777232518432
[2026-04-26T19:49:38.302Z] DELETE /api/empresas/1777232518432
[2026-04-26T19:53:31.820Z] GET /api/empleados/
[2026-04-26T19:54:01.163Z] GET /api/empresa/
[2026-04-26T19:54:04.161Z] GET /api/empresas/
[2026-04-26T19:54:21.345Z] GET /api/empleados/
[2026-04-26T19:55:09.832Z] POST /api/empleados/
[2026-04-26T19:55:40.058Z] POST /api/empleados/
[2026-04-26T19:58:05.706Z] GET /api/novedades/
[2026-04-26T19:59:14.739Z] DELETE /api/novedades/1776998595971
[2026-04-26T20:00:32.809Z] GET /api/novedades/177699859597
[2026-04-26T20:24:15.962Z] GET /api/novedades/177699859597
[2026-04-26T20:24:20.519Z] GET /api/novedades
[2026-04-26T20:25:32.899Z] PUT /api/novedades/1777162592074
[2026-04-26T20:25:40.912Z] PUT /api/novedades/1777162592074
[2026-04-26T22:27:44.580Z] GET /api/empleados/
[2026-04-26T22:28:00.802Z] DELETE /api/empleados/1777233309833
[2026-04-26T22:28:07.148Z] GET /api/empleados
[2026-04-26T23:11:12.837Z] GET /favicon.ico
[2026-04-26T23:11:18.814Z] GET /empleados
[2026-04-26T23:11:21.137Z] GET /empresas
[2026-04-26T23:11:26.519Z] GET /empleados
[2026-04-26T23:11:28.390Z] GET /empresas
[2026-04-26T23:11:36.733Z] GET /empleados
[2026-04-26T23:11:38.091Z] GET /empleados/nuevo
[2026-04-26T23:12:37.366Z] POST /api/empleados
[2026-04-26T23:12:42.633Z] GET /empresas
[2026-04-26T23:12:44.724Z] GET /empleados
[2026-04-26T23:12:46.676Z] GET /novedades
[2026-04-26T23:12:49.530Z] GET /socios
[2026-04-26T23:12:50.706Z] GET /liquidaciones
[2026-04-26T23:12:53.696Z] GET /
[2026-04-26T23:12:58.163Z] GET /novedades
[2026-04-26T23:13:01.424Z] GET /
[2026-04-26T23:13:05.023Z] GET /
[2026-04-26T23:13:06.183Z] GET /novedades
[2026-04-26T23:13:12.150Z] POST /novedades/1777162592074/estado
[2026-04-26T23:13:12.157Z] GET /novedades
[2026-04-26T23:13:13.833Z] GET /
[2026-04-26T23:13:15.311Z] GET /
[2026-04-26T23:13:16.678Z] GET /novedades
[2026-04-26T23:13:19.490Z] POST /novedades/1777162592074/estado
[2026-04-26T23:13:19.495Z] GET /novedades
[2026-04-26T23:13:22.843Z] GET /
[2026-04-26T23:13:24.763Z] GET /
[2026-04-26T23:13:26.893Z] GET /empleados
[2026-04-26T23:13:27.957Z] GET /novedades
[2026-04-26T23:13:29.756Z] GET /novedades/nuevo
[2026-04-26T23:13:39.867Z] GET /empleados
[2026-04-26T23:13:40.378Z] GET /novedades
[2026-04-26T23:13:42.730Z] GET /novedades/nuevo
[2026-04-26T23:13:53.737Z] POST /api/novedades
[2026-04-26T23:13:57.280Z] GET /api/novedades
[2026-04-26T23:14:01.168Z] GET /
[2026-04-26T23:14:05.386Z] GET /novedades
[2026-04-26T23:14:06.386Z] GET /socios
[2026-04-26T23:14:10.425Z] GET /liquidaciones
[2026-04-26T23:14:12.193Z] GET /empleados
[2026-04-26T23:14:14.409Z] GET /empresas
[2026-04-26T23:14:17.441Z] GET /
[2026-04-26T23:14:23.099Z] GET /novedades
[2026-04-26T23:14:24.459Z] GET /
[2026-04-26T23:15:01.525Z] GET /empresas
[2026-04-26T23:16:16.301Z] GET /empleados
[2026-04-26T23:16:44.145Z] GET /novedades
[2026-04-26T23:17:03.765Z] GET /socios
[2026-04-26T23:17:22.221Z] GET /liquidaciones
[2026-04-26T23:17:27.975Z] GET /liquidaciones/nuevo
[2026-04-26T23:17:52.227Z] POST /liquidaciones
[2026-04-26T23:17:52.231Z] GET /liquidaciones
[2026-04-26T23:19:10.331Z] GET /empresas
[2026-04-26T23:19:13.784Z] GET /empresas/nuevo
[2026-04-26T23:24:49.917Z] GET /
[2026-04-26T23:24:51.234Z] GET /empresas
[2026-04-26T23:54:27.555Z] GET /customers/add
[2026-05-31T03:35:16.571Z] GET /api/empresas
[2026-05-31T03:35:29.691Z] POST /api/empresas
[2026-05-31T03:35:40.861Z] GET /api/empresas/ACA_VA_EL_ID_DE_LA_EMPRESA
[2026-05-31T03:35:49.562Z] GET /api/empresas
[2026-05-31T03:36:02.779Z] GET /api/empresas/%7B%7B6a1bac8121e9b7c9fb87b62a%7D%7D
[2026-05-31T03:36:20.733Z] GET /api/empresas/%7B%7B%226a1bac8121e9b7c9fb87b62a%22%7D%7D
[2026-05-31T03:36:23.312Z] GET /api/empresas/%7B%7B%226a1bac8121e9b7c9fb87b62a%22%7D%7D
[2026-05-31T03:36:37.637Z] GET /api/empresas/%7B6a1bac8121e9b7c9fb87b62a%7D
[2026-05-31T03:37:25.106Z] GET /api/empresas/6a1bac8121e9b7c9fb87b62a
[2026-05-31T03:37:32.881Z] PUT /api/empresas/6a1bac8121e9b7c9fb87b62a
[2026-05-31T03:39:18.706Z] DELETE /api/empresas/6a1bac8121e9b7c9fb87b62a
[2026-05-31T03:39:36.452Z] GET /api/empleados
[2026-05-31T03:39:40.185Z] POST /api/empleados
[2026-05-31T03:39:57.910Z] GET /api/empleados/6a1bac8121e9b7c9fb87b62a
[2026-05-31T03:40:07.323Z] POST /api/empleados
[2026-05-31T03:40:21.825Z] GET /api/empleados/6a1bad97232d0d2a5f193cd7
[2026-05-31T03:40:25.441Z] PUT /api/empleados/6a1bad97232d0d2a5f193cd7
[2026-05-31T03:42:39.236Z] GET /api/empleados
[2026-05-31T03:43:45.425Z] PUT /api/empleados/6a1bad7c232d0d2a5f193cd6
[2026-05-31T03:43:54.212Z] GET /api/empleados
[2026-05-31T03:44:23.390Z] POST /api/empleados
[2026-05-31T03:44:46.386Z] GET /api/empleados
[2026-05-31T03:45:04.457Z] GET /api/empleados
[2026-05-31T03:45:07.168Z] PUT /api/empleados/6a1bae97232d0d2a5f193cd8
[2026-05-31T03:45:16.503Z] GET /api/empleados
[2026-05-31T03:45:27.843Z] DELETE /api/empleados/6a1bae97232d0d2a5f193cd8
[2026-05-31T03:45:32.116Z] GET /api/empleados
[2026-05-31T03:45:38.004Z] GET /api/novedades
[2026-05-31T03:45:44.713Z] POST /api/novedades
[2026-05-31T03:46:05.606Z] GET /api/novedades
[2026-05-31T03:46:07.734Z] POST /api/novedades
[2026-05-31T03:46:30.827Z] GET /api/empleados
[2026-05-31T03:46:58.882Z] POST /api/novedades
[2026-05-31T03:48:54.686Z] PUT /api/novedades/6a1baf32232d0d2a5f193cd9/estado
[2026-05-31T03:49:04.151Z] DELETE /api/novedades/6a1baf32232d0d2a5f193cd9
[2026-05-31T03:49:08.142Z] GET /api/socios
[2026-05-31T03:49:11.510Z] POST /api/socios
[2026-05-31T03:49:27.395Z] PUT /api/socios/6a1bafb7232d0d2a5f193cd
[2026-05-31T03:49:43.007Z] PUT /api/socios/6a1bae97232d0d2a5f193cd8
[2026-05-31T03:49:54.913Z] PUT /api/socios/6a1bad97232d0d2a5f193cd7
[2026-05-31T03:50:10.342Z] GET /api/empleados
[2026-05-31T03:50:34.913Z] GET /api/socios
[2026-05-31T03:50:43.723Z] PUT /api/socios/6a1bafb7232d0d2a5f193cda
[2026-05-31T03:50:48.503Z] GET /api/liquidaciones
[2026-05-31T03:50:53.681Z] POST /api/liquidaciones
[2026-05-31T05:48:50.724Z] GET /
[2026-05-31T05:48:51.889Z] GET /favicon.ico
[2026-05-31T05:48:53.252Z] GET /empresas
[2026-05-31T05:48:55.139Z] GET /empresas/nuevo
[2026-05-31T05:49:00.601Z] GET /empleados
[2026-05-31T05:49:03.248Z] GET /novedades
[2026-05-31T05:49:04.303Z] GET /socios
[2026-05-31T05:49:06.337Z] GET /liquidaciones
[2026-05-31T05:49:11.230Z] GET /empresas
[2026-05-31T05:49:12.455Z] GET /empleados
[2026-05-31T05:49:13.519Z] GET /novedades
[2026-05-31T05:49:14.982Z] GET /socios
[2026-05-31T05:49:27.983Z] GET /empresas
[2026-05-31T05:49:29.261Z] GET /empresas/nuevo
[2026-05-31T05:49:35.941Z] POST /empresas
[2026-05-31T05:49:36.014Z] GET /empresas
[2026-05-31T05:49:48.709Z] GET /
[2026-05-31T05:49:50.273Z] GET /empresas
[2026-05-31T18:02:26.765Z] POST /api/empresas
[2026-05-31T18:02:31.753Z] POST /api/empresas
[2026-05-31T18:02:36.596Z] POST /api/empresas
[2026-05-31T18:03:19.065Z] POST /api/empleados
[2026-05-31T18:03:25.531Z] POST /api/empleados
[2026-05-31T18:03:28.189Z] POST /api/empleados
[2026-05-31T18:04:10.825Z] POST /api/novedades
[2026-05-31T18:04:24.339Z] GET /api/empleados
[2026-05-31T18:04:52.304Z] POST /api/novedades
[2026-05-31T18:05:09.359Z] GET /api/empleados
[2026-05-31T18:05:48.523Z] POST /api/novedades
[2026-05-31T18:06:03.158Z] GET /api/socios
[2026-05-31T18:06:07.278Z] POST /api/socios
[2026-05-31T18:06:10.541Z] POST /api/socios
[2026-05-31T18:06:23.122Z] GET /api/liquidaciones
[2026-05-31T18:06:36.421Z] POST /api/liquidaciones
[2026-05-31T18:06:53.482Z] GET /api/empresas
[2026-05-31T18:07:01.260Z] GET /api/empleados
[2026-05-31T18:07:25.523Z] POST /api/liquidaciones
[2026-05-31T18:07:32.189Z] GET /api/empleados
[2026-05-31T18:08:23.841Z] POST /api/liquidaciones
